Debug analizerController import: {
  createAnalysis: [AsyncFunction: createAnalysis],
  getAllAnalysis: [AsyncFunction: getAllAnalysis],
  getAnalysisById: [AsyncFunction: getAnalysisById],
  updateAnalysis: [AsyncFunction: updateAnalysis],
  deleteAnalysis: [AsyncFunction: deleteAnalysis],
  analyzeSymbols: [AsyncFunction: analyzeSymbols],
  getFormattedTopAnalysis: [AsyncFunction: getFormattedTopAnalysis]
}
Debug: analizerController.analyzeSymbols is function? true
Debug: analizerController.analyzeSymbols value: [AsyncFunction: analyzeSymbols]
(node:4616) [MONGODB DRIVER] Warning: useNewUrlParser is a deprecated option: useNewUrlParser has no effect since Node.js Driver version 4.0.0 and will be removed in the next major version
(Use `node --trace-warnings ...` to show where the warning was created)
(node:4616) [MONGODB DRIVER] Warning: useUnifiedTopology is a deprecated option: useUnifiedTopology has no effect since Node.js Driver version 4.0.0 and will be removed in the next major version
Servidor Express corriendo en http://localhost:3031
Documentación Swagger disponible en http://localhost:3031/api-docs
Accede al frontend en http://localhost:3000
SpotSocketController: Emitting 'spot-arb' data to namespace: http.//localhost:3001/api/spot/arb (from DB via AnalizerController)
Error fetching formatted top analysis: MongooseError: Operation `analysis.find()` buffering timed out after 10000ms
    at Timeout.<anonymous> (/app/sebo/node_modules/mongoose/lib/drivers/node-mongodb-native/collection.js:187:23)
    at listOnTimeout (node:internal/timers:588:17)
    at process.processTimers (node:internal/timers:523:7)
Error in spotSocketController loop (sourcing from analizerController for namespace: http.//localhost:3001/api/spot/arb): MongooseError: Operation `analysis.find()` buffering timed out after 10000ms
    at Timeout.<anonymous> (/app/sebo/node_modules/mongoose/lib/drivers/node-mongodb-native/collection.js:187:23)
    at listOnTimeout (node:internal/timers:588:17)
    at process.processTimers (node:internal/timers:523:7)
